Using pre-set license
Built from '2021.1/staging' branch; Version is '2021.1.7f1 (d91830b65d9b) revision 14227504'; Using compiler version '192528614'; Build Type 'Release'
OS: 'Windows 10 Pro; OS build 19041.985; Version 2004; 64bit' Language: 'ko' Physical Memory: 16326 MB
BatchMode: 1, IsHumanControllingUs: 0, StartBugReporterOnCrash: 0, Is64bit: 1, IsPro: 0

 COMMAND LINE ARGUMENTS:
C:\Program Files\Unity\Hub\Editor\2021.1.7f1\Editor\Unity.exe
-adb2
-batchMode
-noUpm
-name
AssetImportWorker0
-projectPath
C:/Users/asqdw/TP_Final
-logFile
Logs/AssetImportWorker0.log
-srvPort
54280
Successfully changed project path to: C:/Users/asqdw/TP_Final
C:/Users/asqdw/TP_Final
Using Asset Import Pipeline V2.
Refreshing native plugins compatible for Editor in 72.21 ms, found 1 plugins.
Preloading 0 native plugins for Editor in 0.00 ms.
Initialize engine version: 2021.1.7f1 (d91830b65d9b)
[Subsystems] Discovering subsystems at path C:/Program Files/Unity/Hub/Editor/2021.1.7f1/Editor/Data/Resources/UnitySubsystems
[Subsystems] Discovering subsystems at path C:/Users/asqdw/TP_Final/Assets
GfxDevice: creating device client; threaded=0; jobified=0
Direct3D:
    Version:  Direct3D 11.0 [level 11.1]
    Renderer: NVIDIA GeForce GTX 1660 (ID=0x2184)
    Vendor:   NVIDIA
    VRAM:     5991 MB
    Driver:   27.21.14.5751
Initialize mono
Mono path[0] = 'C:/Program Files/Unity/Hub/Editor/2021.1.7f1/Editor/Data/Managed'
Mono path[1] = 'C:/Program Files/Unity/Hub/Editor/2021.1.7f1/Editor/Data/MonoBleedingEdge/lib/mono/unityjit'
Mono config path = 'C:/Program Files/Unity/Hub/Editor/2021.1.7f1/Editor/Data/MonoBleedingEdge/etc'
Using monoOptions --debugger-agent=transport=dt_socket,embedding=1,server=y,suspend=n,address=127.0.0.1:56488
Begin MonoManager ReloadAssembly
Registering precompiled unity dll's ...
Register platform support module: C:/Program Files/Unity/Hub/Editor/2021.1.7f1/Editor/Data/PlaybackEngines/WindowsStandaloneSupport/UnityEditor.WindowsStandalone.Extensions.dll
Registered in 0.003047 seconds.
Native extension for WindowsStandalone target not found
Refreshing native plugins compatible for Editor in 72.85 ms, found 1 plugins.
Preloading 0 native plugins for Editor in 0.00 ms.
Mono: successfully reloaded assembly
- Completed reload, in  2.172 seconds
Platform modules already initialized, skipping
Registering precompiled user dll's ...
Registered in 0.004691 seconds.
Begin MonoManager ReloadAssembly
Symbol file LoadedFromMemory doesn't match image C:\Users\asqdw\TP_Final\Library\PackageCache\com.unity.visualscripting@1.6.1\Editor\VisualScripting.Core\Dependencies\YamlDotNet\Unity.VisualScripting.YamlDotNet.dll
Symbol file LoadedFromMemory doesn't match image C:\Users\asqdw\TP_Final\Library\PackageCache\com.unity.visualscripting@1.6.1\Editor\VisualScripting.Core\Dependencies\DotNetZip\Unity.VisualScripting.IonicZip.dll
Native extension for WindowsStandalone target not found
Refreshing native plugins compatible for Editor in 0.53 ms, found 1 plugins.
Preloading 0 native plugins for Editor in 0.00 ms.
Mono: successfully reloaded assembly
- Completed reload, in  1.010 seconds
Platform modules already initialized, skipping
========================================================================
Worker process is ready to serve import requests
Launched and connected shader compiler UnityShaderCompiler.exe after 0.06 seconds
Refreshing native plugins compatible for Editor in 0.43 ms, found 1 plugins.
Preloading 0 native plugins for Editor in 0.00 ms.
Unloading 2666 Unused Serialized files (Serialized files now loaded: 0)
System memory in use before: 98.1 MB.
System memory in use after: 98.2 MB.

Unloading 14 unused Assets to reduce memory usage. Loaded Objects now: 3119.
Total: 1.771900 ms (FindLiveObjects: 0.199600 ms CreateObjectMapping: 0.130600 ms MarkObjects: 1.379200 ms  DeleteObjects: 0.061500 ms)

========================================================================
Received Import Request.
  path: Assets/New Folder
  artifactKey: Guid(9959cd9caa29e6c44afd23601b839284) Importer(815301076,1909f56bfc062723c751e8b465ee728b)
Start importing Assets/New Folder using Guid(9959cd9caa29e6c44afd23601b839284) Importer(815301076,1909f56bfc062723c751e8b465ee728b)  -> (artifact id: 'd02562a35ff35386d6d6d067e67114d9') in 0.008995 seconds 
========================================================================
Received Import Request.
  Time since last request: 12.202182 seconds.
  path: Assets/Scripts
  artifactKey: Guid(9959cd9caa29e6c44afd23601b839284) Importer(815301076,1909f56bfc062723c751e8b465ee728b)
Start importing Assets/Scripts using Guid(9959cd9caa29e6c44afd23601b839284) Importer(815301076,1909f56bfc062723c751e8b465ee728b)  -> (artifact id: '581e2017a1f153d8839af1230e2ff633') in 0.007436 seconds 
========================================================================
Received Import Request.
  Time since last request: 0.512790 seconds.
  path: Assets
  artifactKey: Guid(00000000000000001000000000000000) Importer(815301076,1909f56bfc062723c751e8b465ee728b)
Start importing Assets using Guid(00000000000000001000000000000000) Importer(815301076,1909f56bfc062723c751e8b465ee728b)  -> (artifact id: '42d402b061de3733987d63b9cc3b64de') in 0.008707 seconds 
========================================================================
Received Import Request.
  Time since last request: 9.294661 seconds.
  path: Assets/Prefebs
  artifactKey: Guid(f8c1356510cc38f4a955fedc10abb6f0) Importer(815301076,1909f56bfc062723c751e8b465ee728b)
Start importing Assets/Prefebs using Guid(f8c1356510cc38f4a955fedc10abb6f0) Importer(815301076,1909f56bfc062723c751e8b465ee728b)  -> (artifact id: '1f3b687c258ce9bf3c6e84d18e8e2373') in 0.006803 seconds 
========================================================================
Received Import Request.
  Time since last request: 8.177442 seconds.
  path: Assets/Materials
  artifactKey: Guid(377e49a912b6a83448f2c37f3679a1f7) Importer(815301076,1909f56bfc062723c751e8b465ee728b)
Start importing Assets/Materials using Guid(377e49a912b6a83448f2c37f3679a1f7) Importer(815301076,1909f56bfc062723c751e8b465ee728b)  -> (artifact id: '4b72384c3264f266684c1c801e132e51') in 0.006837 seconds 
========================================================================
Received Prepare
Registering precompiled user dll's ...
Registered in 0.003740 seconds.
Begin MonoManager ReloadAssembly
Symbol file LoadedFromMemory doesn't match image C:\Users\asqdw\TP_Final\Library\PackageCache\com.unity.visualscripting@1.6.1\Editor\VisualScripting.Core\Dependencies\YamlDotNet\Unity.VisualScripting.YamlDotNet.dll
Symbol file LoadedFromMemory doesn't match image C:\Users\asqdw\TP_Final\Library\PackageCache\com.unity.visualscripting@1.6.1\Editor\VisualScripting.Core\Dependencies\DotNetZip\Unity.VisualScripting.IonicZip.dll
Native extension for WindowsStandalone target not found
Refreshing native plugins compatible for Editor in 0.44 ms, found 1 plugins.
Preloading 0 native plugins for Editor in 0.00 ms.
Mono: successfully reloaded assembly
- Completed reload, in  0.925 seconds
Platform modules already initialized, skipping
Refreshing native plugins compatible for Editor in 0.59 ms, found 1 plugins.
Preloading 0 native plugins for Editor in 0.00 ms.
Unloading 2663 Unused Serialized files (Serialized files now loaded: 0)
System memory in use before: 98.1 MB.
System memory in use after: 98.3 MB.

Unloading 9 unused Assets to reduce memory usage. Loaded Objects now: 3124.
Total: 2.253500 ms (FindLiveObjects: 0.200000 ms CreateObjectMapping: 0.114000 ms MarkObjects: 1.892200 ms  DeleteObjects: 0.046200 ms)

========================================================================
Received Prepare
Registering precompiled user dll's ...
Registered in 0.004023 seconds.
Begin MonoManager ReloadAssembly
Symbol file LoadedFromMemory doesn't match image C:\Users\asqdw\TP_Final\Library\PackageCache\com.unity.visualscripting@1.6.1\Editor\VisualScripting.Core\Dependencies\YamlDotNet\Unity.VisualScripting.YamlDotNet.dll
Symbol file LoadedFromMemory doesn't match image C:\Users\asqdw\TP_Final\Library\PackageCache\com.unity.visualscripting@1.6.1\Editor\VisualScripting.Core\Dependencies\DotNetZip\Unity.VisualScripting.IonicZip.dll
Native extension for WindowsStandalone target not found
Refreshing native plugins compatible for Editor in 0.45 ms, found 1 plugins.
Preloading 0 native plugins for Editor in 0.00 ms.
Mono: successfully reloaded assembly
- Completed reload, in  0.929 seconds
Platform modules already initialized, skipping
Refreshing native plugins compatible for Editor in 0.45 ms, found 1 plugins.
Preloading 0 native plugins for Editor in 0.00 ms.
Unloading 2664 Unused Serialized files (Serialized files now loaded: 0)
System memory in use before: 98.2 MB.
System memory in use after: 98.4 MB.

Unloading 9 unused Assets to reduce memory usage. Loaded Objects now: 3128.
Total: 1.904900 ms (FindLiveObjects: 0.188800 ms CreateObjectMapping: 0.117300 ms MarkObjects: 1.557500 ms  DeleteObjects: 0.040500 ms)

========================================================================
Received Import Request.
  Time since last request: 75.702652 seconds.
  path: Assets/Prefebs/Bullet.prefab
  artifactKey: Guid(ee1af1438ae84714c9f6f87b74e1b806) Importer(815301076,1909f56bfc062723c751e8b465ee728b)
Start importing Assets/Prefebs/Bullet.prefab using Guid(ee1af1438ae84714c9f6f87b74e1b806) Importer(815301076,1909f56bfc062723c751e8b465ee728b)  -> (artifact id: '5995d605072d4c17f2f8c23ce7afd73d') in 0.120889 seconds 
========================================================================
Received Import Request.
  Time since last request: 8.362438 seconds.
  path: Assets/Materials/Blue.mat
  artifactKey: Guid(454aa2eed0e19754d9ef6eb4d5c58bcb) Importer(815301076,1909f56bfc062723c751e8b465ee728b)
Start importing Assets/Materials/Blue.mat using Guid(454aa2eed0e19754d9ef6eb4d5c58bcb) Importer(815301076,1909f56bfc062723c751e8b465ee728b)  -> (artifact id: '9dcd78c0510cf3175f7798aae2234e63') in 0.272221 seconds 
========================================================================
Received Import Request.
  Time since last request: 1.403036 seconds.
  path: Assets/Materials/Brown.mat
  artifactKey: Guid(2f94d58861008234185eeef3d04d8322) Importer(815301076,1909f56bfc062723c751e8b465ee728b)
Start importing Assets/Materials/Brown.mat using Guid(2f94d58861008234185eeef3d04d8322) Importer(815301076,1909f56bfc062723c751e8b465ee728b)  -> (artifact id: 'f14d24db4b93308c824194ec52df9b33') in 0.018484 seconds 
========================================================================
Received Import Request.
  Time since last request: 1.535631 seconds.
  path: Assets/Materials/Red.mat
  artifactKey: Guid(c0d4575d39a932643ba9b183021adf2f) Importer(815301076,1909f56bfc062723c751e8b465ee728b)
Start importing Assets/Materials/Red.mat using Guid(c0d4575d39a932643ba9b183021adf2f) Importer(815301076,1909f56bfc062723c751e8b465ee728b)  -> (artifact id: '3f3913e8825c9f1905d0a54bb9d3e64c') in 0.022853 seconds 
========================================================================
Received Import Request.
  Time since last request: 12.700980 seconds.
  path: Assets/Prefebs/Bullet.prefab
  artifactKey: Guid(ee1af1438ae84714c9f6f87b74e1b806) Importer(815301076,1909f56bfc062723c751e8b465ee728b)
Start importing Assets/Prefebs/Bullet.prefab using Guid(ee1af1438ae84714c9f6f87b74e1b806) Importer(815301076,1909f56bfc062723c751e8b465ee728b)  -> (artifact id: '25b64b474b35aed067eb1d0a6f485b72') in 0.013234 seconds 
========================================================================
Received Import Request.
  Time since last request: 2.797534 seconds.
  path: Assets/Scenes
  artifactKey: Guid(3f67cc3669d6ef240b9b899f9d06a49e) Importer(815301076,1909f56bfc062723c751e8b465ee728b)
Start importing Assets/Scenes using Guid(3f67cc3669d6ef240b9b899f9d06a49e) Importer(815301076,1909f56bfc062723c751e8b465ee728b)  -> (artifact id: '1de57918ebcb95b82667fd203b63b4c2') in 0.006646 seconds 
========================================================================
Received Import Request.
  Time since last request: 11.513115 seconds.
  path: Assets/Prefebs/Bullet.prefab
  artifactKey: Guid(ee1af1438ae84714c9f6f87b74e1b806) Importer(815301076,1909f56bfc062723c751e8b465ee728b)
Start importing Assets/Prefebs/Bullet.prefab using Guid(ee1af1438ae84714c9f6f87b74e1b806) Importer(815301076,1909f56bfc062723c751e8b465ee728b)  -> (artifact id: '3288e4182132d5b7b558371051c949f4') in 0.013047 seconds 
========================================================================
Received Import Request.
  Time since last request: 8.872834 seconds.
  path: Assets/Prefebs/Bullet.prefab
  artifactKey: Guid(ee1af1438ae84714c9f6f87b74e1b806) Importer(815301076,1909f56bfc062723c751e8b465ee728b)
Start importing Assets/Prefebs/Bullet.prefab using Guid(ee1af1438ae84714c9f6f87b74e1b806) Importer(815301076,1909f56bfc062723c751e8b465ee728b)  -> (artifact id: 'c26ba194896842e5edbb8aa682ea8a2d') in 0.009747 seconds 
========================================================================
Received Import Request.
  Time since last request: 29.585400 seconds.
  path: ProjectSettings/TagManager.asset
  artifactKey: Guid(00000000000000003000000000000000) Importer(815301076,1909f56bfc062723c751e8b465ee728b)
Start importing ProjectSettings/TagManager.asset using Guid(00000000000000003000000000000000) Importer(815301076,1909f56bfc062723c751e8b465ee728b)  -> (artifact id: 'ce6a35c3cddc746e7501c0bd0ed6d4ce') in 0.011288 seconds 
========================================================================
Received Import Request.
  Time since last request: 135.014214 seconds.
  path: Assets/Prefebs/Bullet.prefab
  artifactKey: Guid(ee1af1438ae84714c9f6f87b74e1b806) Importer(815301076,1909f56bfc062723c751e8b465ee728b)
Start importing Assets/Prefebs/Bullet.prefab using Guid(ee1af1438ae84714c9f6f87b74e1b806) Importer(815301076,1909f56bfc062723c751e8b465ee728b)  -> (artifact id: '58b07dedd2434fe037247d44e357966b') in 0.008822 seconds 
