Using pre-set license
Built from '2020.2/staging' branch; Version is '2020.2.7f1 (c53830e277f1) revision 12924976'; Using compiler version '192528614'; Build Type 'Release'
OS: 'Windows 10 Pro; OS build 19041.985; Version 2004; 64bit' Language: 'ko' Physical Memory: 16326 MB
BatchMode: 1, IsHumanControllingUs: 0, StartBugReporterOnCrash: 0, Is64bit: 1, IsPro: 0

 COMMAND LINE ARGUMENTS:
C:\Program Files\Unity\Hub\Editor\2020.2.7f1\Editor\Unity.exe
-adb2
-batchMode
-noUpm
-name
AssetImportWorker0
-projectPath
C:/Users/asqdw/TstarNotebook/ThrowingStar-main
-logFile
Logs/AssetImportWorker0.log
-srvPort
49792
Successfully changed project path to: C:/Users/asqdw/TstarNotebook/ThrowingStar-main
C:/Users/asqdw/TstarNotebook/ThrowingStar-main
Using Asset Import Pipeline V2.
Refreshing native plugins compatible for Editor in 25.92 ms, found 0 plugins.
Preloading 0 native plugins for Editor in 0.00 ms.
Initialize engine version: 2020.2.7f1 (c53830e277f1)
[Subsystems] Discovering subsystems at path C:/Program Files/Unity/Hub/Editor/2020.2.7f1/Editor/Data/Resources/UnitySubsystems
[Subsystems] Discovering subsystems at path C:/Users/asqdw/TstarNotebook/ThrowingStar-main/Assets
GfxDevice: creating device client; threaded=0
Direct3D:
    Version:  Direct3D 11.0 [level 11.1]
    Renderer: NVIDIA GeForce GTX 1660 (ID=0x2184)
    Vendor:   
    VRAM:     5991 MB
    Driver:   27.21.14.5751
Initialize mono
Mono path[0] = 'C:/Program Files/Unity/Hub/Editor/2020.2.7f1/Editor/Data/Managed'
Mono path[1] = 'C:/Program Files/Unity/Hub/Editor/2020.2.7f1/Editor/Data/MonoBleedingEdge/lib/mono/unityjit'
Mono config path = 'C:/Program Files/Unity/Hub/Editor/2020.2.7f1/Editor/Data/MonoBleedingEdge/etc'
Using monoOptions --debugger-agent=transport=dt_socket,embedding=1,server=y,suspend=n,address=127.0.0.1:56176
Begin MonoManager ReloadAssembly
Registering precompiled unity dll's ...
Register platform support module: C:/Program Files/Unity/Hub/Editor/2020.2.7f1/Editor/Data/PlaybackEngines/WindowsStandaloneSupport/UnityEditor.WindowsStandalone.Extensions.dll
Registered in 0.002446 seconds.
Native extension for WindowsStandalone target not found
Refreshing native plugins compatible for Editor in 23.59 ms, found 0 plugins.
Preloading 0 native plugins for Editor in 0.00 ms.
Invoked RoslynAnalysisRunner static constructor.
RoslynAnalysisRunner will not be running.
RoslynAnalysisRunner has terminated.
Mono: successfully reloaded assembly
- Completed reload, in  2.094 seconds
Platform modules already initialized, skipping
Registering precompiled user dll's ...
Registered in 0.000840 seconds.
Begin MonoManager ReloadAssembly
Native extension for WindowsStandalone target not found
Refreshing native plugins compatible for Editor in 0.22 ms, found 0 plugins.
Preloading 0 native plugins for Editor in 0.00 ms.
Invoked RoslynAnalysisRunner static constructor.
RoslynAnalysisRunner will not be running.
RoslynAnalysisRunner has terminated.
Mono: successfully reloaded assembly
- Completed reload, in  0.804 seconds
Platform modules already initialized, skipping
========================================================================
Worker process is ready to serve import requests
Launched and connected shader compiler UnityShaderCompiler.exe after 0.05 seconds
Refreshing native plugins compatible for Editor in 0.21 ms, found 0 plugins.
Preloading 0 native plugins for Editor in 0.00 ms.
Unloading 1165 Unused Serialized files (Serialized files now loaded: 0)
System memory in use before: 61.7 MB.
System memory in use after: 61.7 MB.

Unloading 10 unused Assets to reduce memory usage. Loaded Objects now: 1612.
Total: 1.715500 ms (FindLiveObjects: 0.168100 ms CreateObjectMapping: 0.059800 ms MarkObjects: 1.404200 ms  DeleteObjects: 0.082800 ms)

========================================================================
Received Import Request.
  path: ProjectSettings/TagManager.asset
  artifactKey: Guid(00000000000000003000000000000000) Importer(815301076,1909f56bfc062723c751e8b465ee728b)
Start importing ProjectSettings/TagManager.asset using Guid(00000000000000003000000000000000) Importer(815301076,1909f56bfc062723c751e8b465ee728b)  -> (artifact id: '5ec44d9505eb75f5d13fc8e49732257e') in 0.046337 seconds
  Import took 0.048574 seconds .

========================================================================
Received Prepare
Registering precompiled user dll's ...
Registered in 0.000852 seconds.
Begin MonoManager ReloadAssembly
Native extension for WindowsStandalone target not found
Refreshing native plugins compatible for Editor in 0.21 ms, found 0 plugins.
Preloading 0 native plugins for Editor in 0.00 ms.
Invoked RoslynAnalysisRunner static constructor.
RoslynAnalysisRunner will not be running.
RoslynAnalysisRunner has terminated.
Mono: successfully reloaded assembly
- Completed reload, in  0.832 seconds
Platform modules already initialized, skipping
Refreshing native plugins compatible for Editor in 0.23 ms, found 0 plugins.
Preloading 0 native plugins for Editor in 0.00 ms.
Unloading 1136 Unused Serialized files (Serialized files now loaded: 0)
System memory in use before: 59.8 MB.
System memory in use after: 59.8 MB.

Unloading 6 unused Assets to reduce memory usage. Loaded Objects now: 1615.
Total: 1.488700 ms (FindLiveObjects: 0.122400 ms CreateObjectMapping: 0.039900 ms MarkObjects: 1.268100 ms  DeleteObjects: 0.057400 ms)

========================================================================
Received Prepare
Registering precompiled user dll's ...
Registered in 0.001740 seconds.
Begin MonoManager ReloadAssembly
Native extension for WindowsStandalone target not found
Refreshing native plugins compatible for Editor in 0.21 ms, found 0 plugins.
Preloading 0 native plugins for Editor in 0.00 ms.
Invoked RoslynAnalysisRunner static constructor.
RoslynAnalysisRunner will not be running.
RoslynAnalysisRunner has terminated.
Mono: successfully reloaded assembly
- Completed reload, in  0.769 seconds
Platform modules already initialized, skipping
Refreshing native plugins compatible for Editor in 0.23 ms, found 0 plugins.
Preloading 0 native plugins for Editor in 0.00 ms.
Unloading 1136 Unused Serialized files (Serialized files now loaded: 0)
System memory in use before: 59.8 MB.
System memory in use after: 59.8 MB.

Unloading 5 unused Assets to reduce memory usage. Loaded Objects now: 1618.
Total: 1.587400 ms (FindLiveObjects: 0.130000 ms CreateObjectMapping: 0.038300 ms MarkObjects: 1.350000 ms  DeleteObjects: 0.068000 ms)

========================================================================
Received Import Request.
  Time since last request: 429.041471 seconds.
  path: Assets/script/moveBarrier.cs
  artifactKey: Guid(8ca0c75098381bc45a96141f93fbcdf7) Importer(815301076,1909f56bfc062723c751e8b465ee728b)
Start importing Assets/script/moveBarrier.cs using Guid(8ca0c75098381bc45a96141f93fbcdf7) Importer(815301076,1909f56bfc062723c751e8b465ee728b)  -> (artifact id: 'e0b2297d8a3ba426e6522221fb93f1fc') in 0.016056 seconds
  Import took 0.018654 seconds .

========================================================================
Received Prepare
Registering precompiled user dll's ...
Registered in 0.000893 seconds.
Begin MonoManager ReloadAssembly
Native extension for WindowsStandalone target not found
Refreshing native plugins compatible for Editor in 0.34 ms, found 0 plugins.
Preloading 0 native plugins for Editor in 0.00 ms.
Invoked RoslynAnalysisRunner static constructor.
RoslynAnalysisRunner will not be running.
RoslynAnalysisRunner has terminated.
Mono: successfully reloaded assembly
- Completed reload, in  0.786 seconds
Platform modules already initialized, skipping
Refreshing native plugins compatible for Editor in 0.34 ms, found 0 plugins.
Preloading 0 native plugins for Editor in 0.00 ms.
Unloading 1136 Unused Serialized files (Serialized files now loaded: 0)
System memory in use before: 59.8 MB.
System memory in use after: 59.9 MB.

Unloading 5 unused Assets to reduce memory usage. Loaded Objects now: 1621.
Total: 1.425800 ms (FindLiveObjects: 0.118600 ms CreateObjectMapping: 0.033100 ms MarkObjects: 1.218100 ms  DeleteObjects: 0.054600 ms)

========================================================================
Received Prepare
Registering precompiled user dll's ...
Registered in 0.001515 seconds.
Begin MonoManager ReloadAssembly
Native extension for WindowsStandalone target not found
Refreshing native plugins compatible for Editor in 0.23 ms, found 0 plugins.
Preloading 0 native plugins for Editor in 0.00 ms.
Invoked RoslynAnalysisRunner static constructor.
RoslynAnalysisRunner will not be running.
RoslynAnalysisRunner has terminated.
Mono: successfully reloaded assembly
- Completed reload, in  0.766 seconds
Platform modules already initialized, skipping
Refreshing native plugins compatible for Editor in 0.22 ms, found 0 plugins.
Preloading 0 native plugins for Editor in 0.00 ms.
Unloading 1136 Unused Serialized files (Serialized files now loaded: 0)
System memory in use before: 59.8 MB.
System memory in use after: 59.9 MB.

Unloading 5 unused Assets to reduce memory usage. Loaded Objects now: 1624.
Total: 1.594400 ms (FindLiveObjects: 0.136600 ms CreateObjectMapping: 0.046300 ms MarkObjects: 1.350500 ms  DeleteObjects: 0.060000 ms)

========================================================================
Received Prepare
Registering precompiled user dll's ...
Registered in 0.000861 seconds.
Begin MonoManager ReloadAssembly
Native extension for WindowsStandalone target not found
Refreshing native plugins compatible for Editor in 0.22 ms, found 0 plugins.
Preloading 0 native plugins for Editor in 0.00 ms.
Invoked RoslynAnalysisRunner static constructor.
RoslynAnalysisRunner will not be running.
RoslynAnalysisRunner has terminated.
Mono: successfully reloaded assembly
- Completed reload, in  0.855 seconds
Platform modules already initialized, skipping
Refreshing native plugins compatible for Editor in 0.21 ms, found 0 plugins.
Preloading 0 native plugins for Editor in 0.00 ms.
Unloading 1136 Unused Serialized files (Serialized files now loaded: 0)
System memory in use before: 59.8 MB.
System memory in use after: 59.9 MB.

Unloading 5 unused Assets to reduce memory usage. Loaded Objects now: 1627.
Total: 1.438700 ms (FindLiveObjects: 0.131000 ms CreateObjectMapping: 0.036000 ms MarkObjects: 1.218100 ms  DeleteObjects: 0.052700 ms)

========================================================================
Received Prepare
Registering precompiled user dll's ...
Registered in 0.000783 seconds.
Begin MonoManager ReloadAssembly
Native extension for WindowsStandalone target not found
Refreshing native plugins compatible for Editor in 0.21 ms, found 0 plugins.
Preloading 0 native plugins for Editor in 0.00 ms.
Invoked RoslynAnalysisRunner static constructor.
RoslynAnalysisRunner will not be running.
RoslynAnalysisRunner has terminated.
Mono: successfully reloaded assembly
- Completed reload, in  0.760 seconds
Platform modules already initialized, skipping
Refreshing native plugins compatible for Editor in 0.22 ms, found 0 plugins.
Preloading 0 native plugins for Editor in 0.00 ms.
Unloading 1136 Unused Serialized files (Serialized files now loaded: 0)
System memory in use before: 59.8 MB.
System memory in use after: 59.9 MB.

Unloading 5 unused Assets to reduce memory usage. Loaded Objects now: 1630.
Total: 1.813800 ms (FindLiveObjects: 0.157000 ms CreateObjectMapping: 0.050200 ms MarkObjects: 1.540800 ms  DeleteObjects: 0.064300 ms)

========================================================================
Received Prepare
Registering precompiled user dll's ...
Registered in 0.000870 seconds.
Begin MonoManager ReloadAssembly
Native extension for WindowsStandalone target not found
Refreshing native plugins compatible for Editor in 0.21 ms, found 0 plugins.
Preloading 0 native plugins for Editor in 0.00 ms.
Invoked RoslynAnalysisRunner static constructor.
RoslynAnalysisRunner will not be running.
RoslynAnalysisRunner has terminated.
Mono: successfully reloaded assembly
- Completed reload, in  0.762 seconds
Platform modules already initialized, skipping
Refreshing native plugins compatible for Editor in 0.22 ms, found 0 plugins.
Preloading 0 native plugins for Editor in 0.00 ms.
Unloading 1136 Unused Serialized files (Serialized files now loaded: 0)
System memory in use before: 59.8 MB.
System memory in use after: 59.9 MB.

Unloading 5 unused Assets to reduce memory usage. Loaded Objects now: 1633.
Total: 1.583000 ms (FindLiveObjects: 0.130600 ms CreateObjectMapping: 0.038400 ms MarkObjects: 1.356200 ms  DeleteObjects: 0.056900 ms)

========================================================================
Received Prepare
Registering precompiled user dll's ...
Registered in 0.001704 seconds.
Begin MonoManager ReloadAssembly
Native extension for WindowsStandalone target not found
Refreshing native plugins compatible for Editor in 0.21 ms, found 0 plugins.
Preloading 0 native plugins for Editor in 0.00 ms.
Invoked RoslynAnalysisRunner static constructor.
RoslynAnalysisRunner will not be running.
RoslynAnalysisRunner has terminated.
Mono: successfully reloaded assembly
- Completed reload, in  0.748 seconds
Platform modules already initialized, skipping
Refreshing native plugins compatible for Editor in 0.21 ms, found 0 plugins.
Preloading 0 native plugins for Editor in 0.00 ms.
Unloading 1136 Unused Serialized files (Serialized files now loaded: 0)
System memory in use before: 59.8 MB.
System memory in use after: 59.9 MB.

Unloading 5 unused Assets to reduce memory usage. Loaded Objects now: 1636.
Total: 1.691900 ms (FindLiveObjects: 0.157800 ms CreateObjectMapping: 0.051600 ms MarkObjects: 1.418900 ms  DeleteObjects: 0.062000 ms)

========================================================================
Received Prepare
Registering precompiled user dll's ...
Registered in 0.001766 seconds.
Begin MonoManager ReloadAssembly
Native extension for WindowsStandalone target not found
Refreshing native plugins compatible for Editor in 0.21 ms, found 0 plugins.
Preloading 0 native plugins for Editor in 0.00 ms.
Invoked RoslynAnalysisRunner static constructor.
RoslynAnalysisRunner will not be running.
RoslynAnalysisRunner has terminated.
Mono: successfully reloaded assembly
- Completed reload, in  0.759 seconds
Platform modules already initialized, skipping
Refreshing native plugins compatible for Editor in 0.22 ms, found 0 plugins.
Preloading 0 native plugins for Editor in 0.00 ms.
Unloading 1136 Unused Serialized files (Serialized files now loaded: 0)
System memory in use before: 59.8 MB.
System memory in use after: 59.9 MB.

Unloading 5 unused Assets to reduce memory usage. Loaded Objects now: 1639.
Total: 1.660000 ms (FindLiveObjects: 0.141400 ms CreateObjectMapping: 0.037000 ms MarkObjects: 1.417800 ms  DeleteObjects: 0.062500 ms)

========================================================================
Received Prepare
Registering precompiled user dll's ...
Registered in 0.000845 seconds.
Begin MonoManager ReloadAssembly
Native extension for WindowsStandalone target not found
Refreshing native plugins compatible for Editor in 0.21 ms, found 0 plugins.
Preloading 0 native plugins for Editor in 0.00 ms.
Invoked RoslynAnalysisRunner static constructor.
RoslynAnalysisRunner will not be running.
RoslynAnalysisRunner has terminated.
Mono: successfully reloaded assembly
- Completed reload, in  0.858 seconds
Platform modules already initialized, skipping
Refreshing native plugins compatible for Editor in 0.23 ms, found 0 plugins.
Preloading 0 native plugins for Editor in 0.00 ms.
Unloading 1136 Unused Serialized files (Serialized files now loaded: 0)
System memory in use before: 59.8 MB.
System memory in use after: 59.9 MB.

Unloading 5 unused Assets to reduce memory usage. Loaded Objects now: 1642.
Total: 1.759000 ms (FindLiveObjects: 0.228700 ms CreateObjectMapping: 0.055000 ms MarkObjects: 1.411200 ms  DeleteObjects: 0.062800 ms)

========================================================================
Received Prepare
Registering precompiled user dll's ...
Registered in 0.001107 seconds.
Begin MonoManager ReloadAssembly
Native extension for WindowsStandalone target not found
Refreshing native plugins compatible for Editor in 0.21 ms, found 0 plugins.
Preloading 0 native plugins for Editor in 0.00 ms.
Invoked RoslynAnalysisRunner static constructor.
RoslynAnalysisRunner will not be running.
RoslynAnalysisRunner has terminated.
Mono: successfully reloaded assembly
- Completed reload, in  0.766 seconds
Platform modules already initialized, skipping
Refreshing native plugins compatible for Editor in 0.21 ms, found 0 plugins.
Preloading 0 native plugins for Editor in 0.00 ms.
Unloading 1136 Unused Serialized files (Serialized files now loaded: 0)
System memory in use before: 59.8 MB.
System memory in use after: 59.9 MB.

Unloading 5 unused Assets to reduce memory usage. Loaded Objects now: 1645.
Total: 1.544600 ms (FindLiveObjects: 0.136800 ms CreateObjectMapping: 0.039800 ms MarkObjects: 1.302500 ms  DeleteObjects: 0.064700 ms)

========================================================================
Received Prepare
Registering precompiled user dll's ...
Registered in 0.000935 seconds.
Begin MonoManager ReloadAssembly
Native extension for WindowsStandalone target not found
Refreshing native plugins compatible for Editor in 0.21 ms, found 0 plugins.
Preloading 0 native plugins for Editor in 0.00 ms.
Invoked RoslynAnalysisRunner static constructor.
RoslynAnalysisRunner will not be running.
RoslynAnalysisRunner has terminated.
Mono: successfully reloaded assembly
- Completed reload, in  0.795 seconds
Platform modules already initialized, skipping
Refreshing native plugins compatible for Editor in 0.21 ms, found 0 plugins.
Preloading 0 native plugins for Editor in 0.00 ms.
Unloading 1136 Unused Serialized files (Serialized files now loaded: 0)
System memory in use before: 59.9 MB.
System memory in use after: 59.9 MB.

Unloading 5 unused Assets to reduce memory usage. Loaded Objects now: 1648.
Total: 1.752600 ms (FindLiveObjects: 0.182100 ms CreateObjectMapping: 0.047300 ms MarkObjects: 1.446400 ms  DeleteObjects: 0.075800 ms)

========================================================================
Received Import Request.
  Time since last request: 1114.543954 seconds.
  path: Assets/Scenes/new Stage.unity
  artifactKey: Guid(cb6df2bfd7572f44dbd074ab9b40f336) Importer(815301076,1909f56bfc062723c751e8b465ee728b)
Start importing Assets/Scenes/new Stage.unity using Guid(cb6df2bfd7572f44dbd074ab9b40f336) Importer(815301076,1909f56bfc062723c751e8b465ee728b)  -> (artifact id: 'd7d9eef6d68a243d4e54b68ec19e6ed5') in 0.013171 seconds
  Import took 0.015409 seconds .

========================================================================
Received Prepare
Registering precompiled user dll's ...
Registered in 0.000847 seconds.
Begin MonoManager ReloadAssembly
Native extension for WindowsStandalone target not found
Refreshing native plugins compatible for Editor in 0.21 ms, found 0 plugins.
Preloading 0 native plugins for Editor in 0.00 ms.
Invoked RoslynAnalysisRunner static constructor.
RoslynAnalysisRunner will not be running.
RoslynAnalysisRunner has terminated.
Mono: successfully reloaded assembly
- Completed reload, in  0.871 seconds
Platform modules already initialized, skipping
Refreshing native plugins compatible for Editor in 0.24 ms, found 0 plugins.
Preloading 0 native plugins for Editor in 0.00 ms.
Unloading 1136 Unused Serialized files (Serialized files now loaded: 0)
System memory in use before: 59.9 MB.
System memory in use after: 59.9 MB.

Unloading 5 unused Assets to reduce memory usage. Loaded Objects now: 1651.
Total: 1.549900 ms (FindLiveObjects: 0.178900 ms CreateObjectMapping: 0.041900 ms MarkObjects: 1.270100 ms  DeleteObjects: 0.057800 ms)

========================================================================
Received Import Request.
  Time since last request: 54.789315 seconds.
  path: Assets/script/expBullet.cs
  artifactKey: Guid(5d209f0b00e655f4eacffa11975fe85f) Importer(815301076,1909f56bfc062723c751e8b465ee728b)
Start importing Assets/script/expBullet.cs using Guid(5d209f0b00e655f4eacffa11975fe85f) Importer(815301076,1909f56bfc062723c751e8b465ee728b)  -> (artifact id: '71ebd0e20b8be0a0e84536f94fe5de7f') in 0.007144 seconds
  Import took 0.009023 seconds .

========================================================================
Received Prepare
Registering precompiled user dll's ...
Registered in 0.000792 seconds.
Begin MonoManager ReloadAssembly
Native extension for WindowsStandalone target not found
Refreshing native plugins compatible for Editor in 0.29 ms, found 0 plugins.
Preloading 0 native plugins for Editor in 0.00 ms.
Invoked RoslynAnalysisRunner static constructor.
RoslynAnalysisRunner will not be running.
RoslynAnalysisRunner has terminated.
Mono: successfully reloaded assembly
- Completed reload, in  0.859 seconds
Platform modules already initialized, skipping
Refreshing native plugins compatible for Editor in 0.21 ms, found 0 plugins.
Preloading 0 native plugins for Editor in 0.00 ms.
Unloading 1136 Unused Serialized files (Serialized files now loaded: 0)
System memory in use before: 59.9 MB.
System memory in use after: 60.0 MB.

Unloading 5 unused Assets to reduce memory usage. Loaded Objects now: 1654.
Total: 1.689100 ms (FindLiveObjects: 0.165800 ms CreateObjectMapping: 0.057500 ms MarkObjects: 1.399000 ms  DeleteObjects: 0.065900 ms)

========================================================================
Received Prepare
Registering precompiled user dll's ...
Registered in 0.000792 seconds.
Begin MonoManager ReloadAssembly
Native extension for WindowsStandalone target not found
Refreshing native plugins compatible for Editor in 0.21 ms, found 0 plugins.
Preloading 0 native plugins for Editor in 0.00 ms.
Invoked RoslynAnalysisRunner static constructor.
RoslynAnalysisRunner will not be running.
RoslynAnalysisRunner has terminated.
Mono: successfully reloaded assembly
- Completed reload, in  0.745 seconds
Platform modules already initialized, skipping
Refreshing native plugins compatible for Editor in 0.24 ms, found 0 plugins.
Preloading 0 native plugins for Editor in 0.00 ms.
Unloading 1136 Unused Serialized files (Serialized files now loaded: 0)
System memory in use before: 59.9 MB.
System memory in use after: 60.0 MB.

Unloading 5 unused Assets to reduce memory usage. Loaded Objects now: 1657.
Total: 1.711400 ms (FindLiveObjects: 0.128400 ms CreateObjectMapping: 0.068500 ms MarkObjects: 1.454500 ms  DeleteObjects: 0.058700 ms)

========================================================================
Received Prepare
Registering precompiled user dll's ...
Registered in 0.000773 seconds.
Begin MonoManager ReloadAssembly
Native extension for WindowsStandalone target not found
Refreshing native plugins compatible for Editor in 0.21 ms, found 0 plugins.
Preloading 0 native plugins for Editor in 0.00 ms.
Invoked RoslynAnalysisRunner static constructor.
RoslynAnalysisRunner will not be running.
RoslynAnalysisRunner has terminated.
Mono: successfully reloaded assembly
- Completed reload, in  0.794 seconds
Platform modules already initialized, skipping
Refreshing native plugins compatible for Editor in 0.22 ms, found 0 plugins.
Preloading 0 native plugins for Editor in 0.00 ms.
Unloading 1136 Unused Serialized files (Serialized files now loaded: 0)
System memory in use before: 59.9 MB.
System memory in use after: 60.0 MB.

Unloading 5 unused Assets to reduce memory usage. Loaded Objects now: 1660.
Total: 1.756800 ms (FindLiveObjects: 0.179000 ms CreateObjectMapping: 0.056300 ms MarkObjects: 1.451800 ms  DeleteObjects: 0.068600 ms)

========================================================================
Received Import Request.
  Time since last request: 773.250197 seconds.
  path: Assets/prefebs/E_Bullet.prefab
  artifactKey: Guid(4d13201739118314ea112d6abd3846c0) Importer(815301076,1909f56bfc062723c751e8b465ee728b)
Start importing Assets/prefebs/E_Bullet.prefab using Guid(4d13201739118314ea112d6abd3846c0) Importer(815301076,1909f56bfc062723c751e8b465ee728b)  -> (artifact id: '376e8619e9eeaa843ec57a273b233468') in 0.168284 seconds
  Import took 0.170636 seconds .

========================================================================
Received Import Request.
  Time since last request: 0.370055 seconds.
  path: Assets/prefebs/E_Bullet.prefab
  artifactKey: Guid(4d13201739118314ea112d6abd3846c0) Importer(815301076,1909f56bfc062723c751e8b465ee728b)
Start importing Assets/prefebs/E_Bullet.prefab using Guid(4d13201739118314ea112d6abd3846c0) Importer(815301076,1909f56bfc062723c751e8b465ee728b)  -> (artifact id: '28968aab9cb6dd593f1b2203eb4c7344') in 0.012139 seconds
  Import took 0.014232 seconds .

========================================================================
Received Prepare
Registering precompiled user dll's ...
Registered in 0.000855 seconds.
Begin MonoManager ReloadAssembly
Native extension for WindowsStandalone target not found
Refreshing native plugins compatible for Editor in 0.22 ms, found 0 plugins.
Preloading 0 native plugins for Editor in 0.00 ms.
Invoked RoslynAnalysisRunner static constructor.
RoslynAnalysisRunner will not be running.
RoslynAnalysisRunner has terminated.
Mono: successfully reloaded assembly
- Completed reload, in  0.774 seconds
Platform modules already initialized, skipping
Refreshing native plugins compatible for Editor in 0.22 ms, found 0 plugins.
Preloading 0 native plugins for Editor in 0.00 ms.
Unloading 1136 Unused Serialized files (Serialized files now loaded: 0)
System memory in use before: 63.0 MB.
System memory in use after: 63.1 MB.

Unloading 5 unused Assets to reduce memory usage. Loaded Objects now: 1671.
Total: 1.548100 ms (FindLiveObjects: 0.146400 ms CreateObjectMapping: 0.051300 ms MarkObjects: 1.292700 ms  DeleteObjects: 0.056600 ms)

========================================================================
Received Prepare
Registering precompiled user dll's ...
Registered in 0.000781 seconds.
Begin MonoManager ReloadAssembly
Native extension for WindowsStandalone target not found
Refreshing native plugins compatible for Editor in 0.21 ms, found 0 plugins.
Preloading 0 native plugins for Editor in 0.00 ms.
Invoked RoslynAnalysisRunner static constructor.
RoslynAnalysisRunner will not be running.
RoslynAnalysisRunner has terminated.
Mono: successfully reloaded assembly
- Completed reload, in  0.866 seconds
Platform modules already initialized, skipping
Refreshing native plugins compatible for Editor in 0.23 ms, found 0 plugins.
Preloading 0 native plugins for Editor in 0.00 ms.
Unloading 1136 Unused Serialized files (Serialized files now loaded: 0)
System memory in use before: 63.0 MB.
System memory in use after: 63.1 MB.

Unloading 5 unused Assets to reduce memory usage. Loaded Objects now: 1674.
Total: 2.391800 ms (FindLiveObjects: 0.907200 ms CreateObjectMapping: 0.059900 ms MarkObjects: 1.353300 ms  DeleteObjects: 0.069900 ms)

========================================================================
Received Prepare
Registering precompiled user dll's ...
Registered in 0.000849 seconds.
Begin MonoManager ReloadAssembly
Native extension for WindowsStandalone target not found
Refreshing native plugins compatible for Editor in 0.22 ms, found 0 plugins.
Preloading 0 native plugins for Editor in 0.00 ms.
Invoked RoslynAnalysisRunner static constructor.
RoslynAnalysisRunner will not be running.
RoslynAnalysisRunner has terminated.
Mono: successfully reloaded assembly
- Completed reload, in  0.779 seconds
Platform modules already initialized, skipping
Refreshing native plugins compatible for Editor in 0.22 ms, found 0 plugins.
Preloading 0 native plugins for Editor in 0.00 ms.
Unloading 1136 Unused Serialized files (Serialized files now loaded: 0)
System memory in use before: 63.0 MB.
System memory in use after: 63.1 MB.

Unloading 5 unused Assets to reduce memory usage. Loaded Objects now: 1677.
Total: 1.621100 ms (FindLiveObjects: 0.166500 ms CreateObjectMapping: 0.045400 ms MarkObjects: 1.338900 ms  DeleteObjects: 0.068900 ms)

========================================================================
Received Prepare
Registering precompiled user dll's ...
Registered in 0.000801 seconds.
Begin MonoManager ReloadAssembly
Native extension for WindowsStandalone target not found
Refreshing native plugins compatible for Editor in 0.24 ms, found 0 plugins.
Preloading 0 native plugins for Editor in 0.00 ms.
Invoked RoslynAnalysisRunner static constructor.
RoslynAnalysisRunner will not be running.
RoslynAnalysisRunner has terminated.
Mono: successfully reloaded assembly
- Completed reload, in  0.799 seconds
Platform modules already initialized, skipping
Refreshing native plugins compatible for Editor in 0.22 ms, found 0 plugins.
Preloading 0 native plugins for Editor in 0.00 ms.
Unloading 1136 Unused Serialized files (Serialized files now loaded: 0)
System memory in use before: 63.0 MB.
System memory in use after: 63.1 MB.

Unloading 5 unused Assets to reduce memory usage. Loaded Objects now: 1680.
Total: 1.894000 ms (FindLiveObjects: 0.190800 ms CreateObjectMapping: 0.058800 ms MarkObjects: 1.576000 ms  DeleteObjects: 0.067300 ms)

========================================================================
Received Import Request.
  Time since last request: 433.602767 seconds.
  path: Assets/Scenes/new Stage.unity
  artifactKey: Guid(cb6df2bfd7572f44dbd074ab9b40f336) Importer(815301076,1909f56bfc062723c751e8b465ee728b)
Start importing Assets/Scenes/new Stage.unity using Guid(cb6df2bfd7572f44dbd074ab9b40f336) Importer(815301076,1909f56bfc062723c751e8b465ee728b)  -> (artifact id: 'a091f026249e8de99b3c7114e403f699') in 0.010492 seconds
  Import took 0.012441 seconds .

========================================================================
Received Import Request.
  Time since last request: 97.450675 seconds.
  path: Assets/script/clearStage1.cs
  artifactKey: Guid(545f5b2c89a323a4e96c373828a2e8ae) Importer(815301076,1909f56bfc062723c751e8b465ee728b)
Start importing Assets/script/clearStage1.cs using Guid(545f5b2c89a323a4e96c373828a2e8ae) Importer(815301076,1909f56bfc062723c751e8b465ee728b)  -> (artifact id: 'b4b9da2625b7f4862c5a0a9ada124495') in 0.015987 seconds
  Import took 0.039296 seconds .

========================================================================
Received Prepare
Registering precompiled user dll's ...
Registered in 0.000801 seconds.
Begin MonoManager ReloadAssembly
Native extension for WindowsStandalone target not found
Refreshing native plugins compatible for Editor in 0.22 ms, found 0 plugins.
Preloading 0 native plugins for Editor in 0.00 ms.
Invoked RoslynAnalysisRunner static constructor.
RoslynAnalysisRunner will not be running.
RoslynAnalysisRunner has terminated.
Mono: successfully reloaded assembly
- Completed reload, in  0.766 seconds
Platform modules already initialized, skipping
Refreshing native plugins compatible for Editor in 0.22 ms, found 0 plugins.
Preloading 0 native plugins for Editor in 0.00 ms.
Unloading 1137 Unused Serialized files (Serialized files now loaded: 0)
System memory in use before: 63.1 MB.
System memory in use after: 63.1 MB.

Unloading 5 unused Assets to reduce memory usage. Loaded Objects now: 1684.
Total: 1.785000 ms (FindLiveObjects: 0.143200 ms CreateObjectMapping: 0.044400 ms MarkObjects: 1.527300 ms  DeleteObjects: 0.068700 ms)

========================================================================
Received Prepare
Registering precompiled user dll's ...
Registered in 0.000812 seconds.
Begin MonoManager ReloadAssembly
Native extension for WindowsStandalone target not found
Refreshing native plugins compatible for Editor in 0.21 ms, found 0 plugins.
Preloading 0 native plugins for Editor in 0.00 ms.
Invoked RoslynAnalysisRunner static constructor.
RoslynAnalysisRunner will not be running.
RoslynAnalysisRunner has terminated.
Mono: successfully reloaded assembly
- Completed reload, in  0.748 seconds
Platform modules already initialized, skipping
Refreshing native plugins compatible for Editor in 0.23 ms, found 0 plugins.
Preloading 0 native plugins for Editor in 0.00 ms.
Unloading 1137 Unused Serialized files (Serialized files now loaded: 0)
System memory in use before: 63.1 MB.
System memory in use after: 63.1 MB.

Unloading 5 unused Assets to reduce memory usage. Loaded Objects now: 1687.
Total: 1.630400 ms (FindLiveObjects: 0.144600 ms CreateObjectMapping: 0.043100 ms MarkObjects: 1.374000 ms  DeleteObjects: 0.067200 ms)

========================================================================
Received Prepare
Registering precompiled user dll's ...
Registered in 0.000793 seconds.
Begin MonoManager ReloadAssembly
Native extension for WindowsStandalone target not found
Refreshing native plugins compatible for Editor in 0.23 ms, found 0 plugins.
Preloading 0 native plugins for Editor in 0.00 ms.
Invoked RoslynAnalysisRunner static constructor.
RoslynAnalysisRunner will not be running.
RoslynAnalysisRunner has terminated.
Mono: successfully reloaded assembly
- Completed reload, in  0.813 seconds
Platform modules already initialized, skipping
Refreshing native plugins compatible for Editor in 0.23 ms, found 0 plugins.
Preloading 0 native plugins for Editor in 0.00 ms.
Unloading 1137 Unused Serialized files (Serialized files now loaded: 0)
System memory in use before: 63.1 MB.
System memory in use after: 63.1 MB.

Unloading 5 unused Assets to reduce memory usage. Loaded Objects now: 1690.
Total: 1.771000 ms (FindLiveObjects: 0.221000 ms CreateObjectMapping: 0.045700 ms MarkObjects: 1.442600 ms  DeleteObjects: 0.060900 ms)

========================================================================
Received Prepare
Registering precompiled user dll's ...
Registered in 0.000814 seconds.
Begin MonoManager ReloadAssembly
Native extension for WindowsStandalone target not found
Refreshing native plugins compatible for Editor in 0.21 ms, found 0 plugins.
Preloading 0 native plugins for Editor in 0.00 ms.
Invoked RoslynAnalysisRunner static constructor.
RoslynAnalysisRunner will not be running.
RoslynAnalysisRunner has terminated.
Mono: successfully reloaded assembly
- Completed reload, in  0.801 seconds
Platform modules already initialized, skipping
Refreshing native plugins compatible for Editor in 0.22 ms, found 0 plugins.
Preloading 0 native plugins for Editor in 0.00 ms.
Unloading 1137 Unused Serialized files (Serialized files now loaded: 0)
System memory in use before: 63.1 MB.
System memory in use after: 63.2 MB.

Unloading 5 unused Assets to reduce memory usage. Loaded Objects now: 1693.
Total: 1.617900 ms (FindLiveObjects: 0.187400 ms CreateObjectMapping: 0.082400 ms MarkObjects: 1.285900 ms  DeleteObjects: 0.060800 ms)

========================================================================
Received Import Request.
  Time since last request: 248.415110 seconds.
  path: Assets/Scenes/new Stage.unity
  artifactKey: Guid(cb6df2bfd7572f44dbd074ab9b40f336) Importer(815301076,1909f56bfc062723c751e8b465ee728b)
Start importing Assets/Scenes/new Stage.unity using Guid(cb6df2bfd7572f44dbd074ab9b40f336) Importer(815301076,1909f56bfc062723c751e8b465ee728b)  -> (artifact id: '1c33c4e6180b02baa692893d09959be5') in 0.010458 seconds
  Import took 0.012786 seconds .

========================================================================
Received Prepare
Registering precompiled user dll's ...
Registered in 0.000931 seconds.
Begin MonoManager ReloadAssembly
Native extension for WindowsStandalone target not found
Refreshing native plugins compatible for Editor in 0.22 ms, found 0 plugins.
Preloading 0 native plugins for Editor in 0.00 ms.
Invoked RoslynAnalysisRunner static constructor.
RoslynAnalysisRunner will not be running.
RoslynAnalysisRunner has terminated.
Mono: successfully reloaded assembly
- Completed reload, in  0.762 seconds
Platform modules already initialized, skipping
Refreshing native plugins compatible for Editor in 0.22 ms, found 0 plugins.
Preloading 0 native plugins for Editor in 0.00 ms.
Unloading 1137 Unused Serialized files (Serialized files now loaded: 0)
System memory in use before: 63.1 MB.
System memory in use after: 63.2 MB.

Unloading 5 unused Assets to reduce memory usage. Loaded Objects now: 1696.
Total: 1.669700 ms (FindLiveObjects: 0.146500 ms CreateObjectMapping: 0.037900 ms MarkObjects: 1.419400 ms  DeleteObjects: 0.064400 ms)

========================================================================
Received Import Request.
  Time since last request: 194.785194 seconds.
  path: Assets/script/clearStage1.cs
  artifactKey: Guid(545f5b2c89a323a4e96c373828a2e8ae) Importer(815301076,1909f56bfc062723c751e8b465ee728b)
Start importing Assets/script/clearStage1.cs using Guid(545f5b2c89a323a4e96c373828a2e8ae) Importer(815301076,1909f56bfc062723c751e8b465ee728b)  -> (artifact id: '4166d0d8868ec82f409b256438ed805e') in 0.003836 seconds
  Import took 0.005915 seconds .

========================================================================
Received Import Request.
  Time since last request: 1.712626 seconds.
  path: Assets/script/Bullet.cs
  artifactKey: Guid(5aa4f30000f2020438ba2b4af29fe46c) Importer(815301076,1909f56bfc062723c751e8b465ee728b)
Start importing Assets/script/Bullet.cs using Guid(5aa4f30000f2020438ba2b4af29fe46c) Importer(815301076,1909f56bfc062723c751e8b465ee728b)  -> (artifact id: 'cb9bb0faa4aaa80a4ac1232ad7f24c11') in 0.006449 seconds
  Import took 0.008337 seconds .

========================================================================
Received Import Request.
  Time since last request: 1.243348 seconds.
  path: Assets/script/EnemyBullet.cs
  artifactKey: Guid(7a877de420958e74b9f846a283a27513) Importer(815301076,1909f56bfc062723c751e8b465ee728b)
Start importing Assets/script/EnemyBullet.cs using Guid(7a877de420958e74b9f846a283a27513) Importer(815301076,1909f56bfc062723c751e8b465ee728b)  -> (artifact id: 'f4d8b7dd90a5cd2f428bdf291b24e933') in 0.002232 seconds
  Import took 0.004298 seconds .

========================================================================
Received Import Request.
  Time since last request: 0.264496 seconds.
  path: Assets/script/Enemyfire.cs
  artifactKey: Guid(a4e2561466651bb46bad448459d934fd) Importer(815301076,1909f56bfc062723c751e8b465ee728b)
Start importing Assets/script/Enemyfire.cs using Guid(a4e2561466651bb46bad448459d934fd) Importer(815301076,1909f56bfc062723c751e8b465ee728b)  -> (artifact id: '90f83c10977bf40ead4d5e3bb906d396') in 0.002897 seconds
  Import took 0.005291 seconds .

========================================================================
Received Import Request.
  Time since last request: 0.211432 seconds.
  path: Assets/script/expBullet.cs
  artifactKey: Guid(5d209f0b00e655f4eacffa11975fe85f) Importer(815301076,1909f56bfc062723c751e8b465ee728b)
Start importing Assets/script/expBullet.cs using Guid(5d209f0b00e655f4eacffa11975fe85f) Importer(815301076,1909f56bfc062723c751e8b465ee728b)  -> (artifact id: 'da8a8c35107681f82fd10a184a065902') in 0.003055 seconds
  Import took 0.005480 seconds .

========================================================================
Received Import Request.
  Time since last request: 0.001174 seconds.
  path: Assets/script/expBullet.cs
  artifactKey: Guid(5d209f0b00e655f4eacffa11975fe85f) Importer(815301076,1909f56bfc062723c751e8b465ee728b)
Start importing Assets/script/expBullet.cs using Guid(5d209f0b00e655f4eacffa11975fe85f) Importer(815301076,1909f56bfc062723c751e8b465ee728b)  -> (artifact id: 'da8a8c35107681f82fd10a184a065902') in 0.002893 seconds
  Import took 0.005264 seconds .

========================================================================
Received Import Request.
  Time since last request: 1.902561 seconds.
  path: Assets/script/moveBarrier.cs
  artifactKey: Guid(8ca0c75098381bc45a96141f93fbcdf7) Importer(815301076,1909f56bfc062723c751e8b465ee728b)
Start importing Assets/script/moveBarrier.cs using Guid(8ca0c75098381bc45a96141f93fbcdf7) Importer(815301076,1909f56bfc062723c751e8b465ee728b)  -> (artifact id: '6cddabd220527dd787c3117882efdb63') in 0.002352 seconds
  Import took 0.004392 seconds .

========================================================================
Received Prepare
Registering precompiled user dll's ...
Registered in 0.000888 seconds.
Begin MonoManager ReloadAssembly
Native extension for WindowsStandalone target not found
Refreshing native plugins compatible for Editor in 0.21 ms, found 0 plugins.
Preloading 0 native plugins for Editor in 0.00 ms.
Invoked RoslynAnalysisRunner static constructor.
RoslynAnalysisRunner will not be running.
RoslynAnalysisRunner has terminated.
Mono: successfully reloaded assembly
- Completed reload, in  0.768 seconds
Platform modules already initialized, skipping
Refreshing native plugins compatible for Editor in 0.23 ms, found 0 plugins.
Preloading 0 native plugins for Editor in 0.00 ms.
Unloading 1137 Unused Serialized files (Serialized files now loaded: 0)
System memory in use before: 63.1 MB.
System memory in use after: 63.2 MB.

Unloading 5 unused Assets to reduce memory usage. Loaded Objects now: 1699.
Total: 1.862700 ms (FindLiveObjects: 0.184900 ms CreateObjectMapping: 0.047700 ms MarkObjects: 1.561800 ms  DeleteObjects: 0.066700 ms)

========================================================================
Received Import Request.
  Time since last request: 68.946454 seconds.
  path: Assets/script/clearStage1.cs
  artifactKey: Guid(545f5b2c89a323a4e96c373828a2e8ae) Importer(815301076,1909f56bfc062723c751e8b465ee728b)
Start importing Assets/script/clearStage1.cs using Guid(545f5b2c89a323a4e96c373828a2e8ae) Importer(815301076,1909f56bfc062723c751e8b465ee728b)  -> (artifact id: '295d81804719a26e52e3bdbe030bf0af') in 0.010172 seconds
  Import took 0.012214 seconds .

========================================================================
Received Import Request.
  Time since last request: 0.001710 seconds.
  path: Assets/script/clearStage1.cs
  artifactKey: Guid(545f5b2c89a323a4e96c373828a2e8ae) Importer(815301076,1909f56bfc062723c751e8b465ee728b)
Start importing Assets/script/clearStage1.cs using Guid(545f5b2c89a323a4e96c373828a2e8ae) Importer(815301076,1909f56bfc062723c751e8b465ee728b)  -> (artifact id: '295d81804719a26e52e3bdbe030bf0af') in 0.008829 seconds
  Import took 0.011072 seconds .

========================================================================
Received Prepare
Registering precompiled user dll's ...
Registered in 0.000865 seconds.
Begin MonoManager ReloadAssembly
Native extension for WindowsStandalone target not found
Refreshing native plugins compatible for Editor in 0.22 ms, found 0 plugins.
Preloading 0 native plugins for Editor in 0.00 ms.
Invoked RoslynAnalysisRunner static constructor.
RoslynAnalysisRunner will not be running.
RoslynAnalysisRunner has terminated.
Mono: successfully reloaded assembly
- Completed reload, in  0.842 seconds
Platform modules already initialized, skipping
Refreshing native plugins compatible for Editor in 0.21 ms, found 0 plugins.
Preloading 0 native plugins for Editor in 0.00 ms.
Unloading 1137 Unused Serialized files (Serialized files now loaded: 0)
System memory in use before: 63.1 MB.
System memory in use after: 63.2 MB.

Unloading 5 unused Assets to reduce memory usage. Loaded Objects now: 1702.
Total: 1.486200 ms (FindLiveObjects: 0.146000 ms CreateObjectMapping: 0.038300 ms MarkObjects: 1.243100 ms  DeleteObjects: 0.058000 ms)

========================================================================
Received Import Request.
  Time since last request: 83.029152 seconds.
  path: Assets/script/clearStage1.cs
  artifactKey: Guid(545f5b2c89a323a4e96c373828a2e8ae) Importer(815301076,1909f56bfc062723c751e8b465ee728b)
Start importing Assets/script/clearStage1.cs using Guid(545f5b2c89a323a4e96c373828a2e8ae) Importer(815301076,1909f56bfc062723c751e8b465ee728b)  -> (artifact id: '61aff4ca65ad4b9dd4941a19dcbe1580') in 0.008999 seconds
  Import took 0.011147 seconds .

========================================================================
Received Prepare
Registering precompiled user dll's ...
Registered in 0.000790 seconds.
Begin MonoManager ReloadAssembly
Native extension for WindowsStandalone target not found
Refreshing native plugins compatible for Editor in 0.22 ms, found 0 plugins.
Preloading 0 native plugins for Editor in 0.00 ms.
Invoked RoslynAnalysisRunner static constructor.
RoslynAnalysisRunner will not be running.
RoslynAnalysisRunner has terminated.
Mono: successfully reloaded assembly
- Completed reload, in  0.815 seconds
Platform modules already initialized, skipping
Refreshing native plugins compatible for Editor in 0.23 ms, found 0 plugins.
Preloading 0 native plugins for Editor in 0.00 ms.
Unloading 1137 Unused Serialized files (Serialized files now loaded: 0)
System memory in use before: 63.1 MB.
System memory in use after: 63.2 MB.

Unloading 5 unused Assets to reduce memory usage. Loaded Objects now: 1705.
Total: 1.734100 ms (FindLiveObjects: 0.190700 ms CreateObjectMapping: 0.057200 ms MarkObjects: 1.405000 ms  DeleteObjects: 0.080000 ms)

AssetImportWorkerClient::OnTransportError - code=2 error=End of file
